<?xml version="1.0" encoding="UTF-8"?>
<!-- Generated by org.testng.reporters.JUnitReportReporter -->
<testsuite hostname="LAPTOP-21TTL97P" failures="0" tests="1" name="API.Phase3Project" time="2.324" errors="0" timestamp="27 Jul 2023 16:53:18 GMT" skipped="0">
  <testcase classname="API.Phase3Project" name="Test1" time="2.324"/>
</testsuite> <!-- API.Phase3Project -->
