<?xml version="1.0" encoding="UTF-8"?>
<!-- Generated by org.testng.reporters.JUnitReportReporter -->
<testsuite hostname="LAPTOP-21TTL97P" failures="0" tests="1" name="API.GetRequest" time="1.727" errors="0" timestamp="16 Jul 2023 05:22:24 GMT" skipped="0">
  <testcase classname="API.GetRequest" name="test1" time="1.727"/>
</testsuite> <!-- API.GetRequest -->
