<?xml version="1.0" encoding="UTF-8"?>
<!-- Generated by org.testng.reporters.JUnitReportReporter -->
<testsuite hostname="LAPTOP-21TTL97P" failures="0" tests="1" name="API.CreateEmployee" time="0.789" errors="0" timestamp="25 Jul 2023 14:23:49 GMT" skipped="0">
  <testcase classname="API.CreateEmployee" name="test1" time="0.789"/>
</testsuite> <!-- API.CreateEmployee -->
